<?xml version="1.0" encoding="UTF-8"?>
<testng-results skipped="0" failed="0" total="2" passed="2">
  <reporter-output>
  </reporter-output>
  <suite name="Default suite" duration-ms="3139" started-at="2017-06-03T00:28:44Z" finished-at="2017-06-03T00:28:47Z">
    <groups>
    </groups>
    <test name="Default test" duration-ms="3139" started-at="2017-06-03T00:28:44Z" finished-at="2017-06-03T00:28:47Z">
      <class name="com.wbl.RestAssured_Automation.RestAssuredAPITest">
        <test-method status="PASS" signature="beforeSuite()[pri:0, instance:com.wbl.RestAssured_Automation.RestAssuredAPITest@4b9e13df]" name="beforeSuite" is-config="true" duration-ms="446" started-at="2017-06-02T17:28:44Z" finished-at="2017-06-02T17:28:44Z">
          <reporter-output>
          </reporter-output>
        </test-method> <!-- beforeSuite -->
        <test-method status="PASS" signature="getTest()[pri:0, instance:com.wbl.RestAssured_Automation.RestAssuredAPITest@4b9e13df]" name="getTest" duration-ms="2140" started-at="2017-06-02T17:28:44Z" finished-at="2017-06-02T17:28:46Z">
          <reporter-output>
          </reporter-output>
        </test-method> <!-- getTest -->
        <test-method status="PASS" signature="postTest()[pri:0, instance:com.wbl.RestAssured_Automation.RestAssuredAPITest@4b9e13df]" name="postTest" duration-ms="986" started-at="2017-06-02T17:28:46Z" finished-at="2017-06-02T17:28:47Z">
          <reporter-output>
          </reporter-output>
        </test-method> <!-- postTest -->
      </class> <!-- com.wbl.RestAssured_Automation.RestAssuredAPITest -->
    </test> <!-- Default test -->
  </suite> <!-- Default suite -->
</testng-results>
